Using pre-set license
Built from '2021.1/release' branch; Version is '2021.1.1f1 (6fdc41dfa55a) revision 7330881'; Using compiler version '192528614'; Build Type 'Release'
OS: 'Windows 10 Home Single Language; OS build 19042.1237; Version 2009; 64bit' Language: 'en' Physical Memory: 8034 MB
BatchMode: 1, IsHumanControllingUs: 0, StartBugReporterOnCrash: 0, Is64bit: 1, IsPro: 0

 COMMAND LINE ARGUMENTS:
C:\Program Files\Unity\Hub\Editor\2021.1.1f1\Editor\Unity.exe
-adb2
-batchMode
-noUpm
-name
AssetImportWorker1
-projectPath
D:/unity_file/WIDT project FIBO
-logFile
Logs/AssetImportWorker1.log
-srvPort
64637
Successfully changed project path to: D:/unity_file/WIDT project FIBO
D:/unity_file/WIDT project FIBO
Using Asset Import Pipeline V2.
Refreshing native plugins compatible for Editor in 77.37 ms, found 0 plugins.
Preloading 0 native plugins for Editor in 0.00 ms.
Initialize engine version: 2021.1.1f1 (6fdc41dfa55a)
[Subsystems] Discovering subsystems at path C:/Program Files/Unity/Hub/Editor/2021.1.1f1/Editor/Data/Resources/UnitySubsystems
[Subsystems] Discovering subsystems at path D:/unity_file/WIDT project FIBO/Assets
GfxDevice: creating device client; threaded=0; jobified=0
Direct3D:
    Version:  Direct3D 11.0 [level 11.1]
    Renderer: NVIDIA GeForce GTX 1050 (ID=0x1c8d)
    Vendor:   NVIDIA
    VRAM:     4019 MB
    Driver:   27.21.14.6133
Shader 'Universal Render Pipeline/Particles/Lit': fallback shader 'Universal Render Pipeline/Particles/SimpleLit' not found
Initialize mono
Mono path[0] = 'C:/Program Files/Unity/Hub/Editor/2021.1.1f1/Editor/Data/Managed'
Mono path[1] = 'C:/Program Files/Unity/Hub/Editor/2021.1.1f1/Editor/Data/MonoBleedingEdge/lib/mono/unityjit'
Mono config path = 'C:/Program Files/Unity/Hub/Editor/2021.1.1f1/Editor/Data/MonoBleedingEdge/etc'
Using monoOptions --debugger-agent=transport=dt_socket,embedding=1,server=y,suspend=n,address=127.0.0.1:56316
Begin MonoManager ReloadAssembly
Registering precompiled unity dll's ...
Register platform support module: C:/Program Files/Unity/Hub/Editor/2021.1.1f1/Editor/Data/PlaybackEngines/WebGLSupport/UnityEditor.WebGL.Extensions.dll
Register platform support module: C:/Program Files/Unity/Hub/Editor/2021.1.1f1/Editor/Data/PlaybackEngines/WindowsStandaloneSupport/UnityEditor.WindowsStandalone.Extensions.dll
Registered in 0.003809 seconds.
Native extension for WindowsStandalone target not found
Native extension for WebGL target not found
Refreshing native plugins compatible for Editor in 78.86 ms, found 0 plugins.
Preloading 0 native plugins for Editor in 0.00 ms.
Mono: successfully reloaded assembly
- Completed reload, in  2.880 seconds
Platform modules already initialized, skipping
Registering precompiled user dll's ...
Registered in 0.002956 seconds.
Begin MonoManager ReloadAssembly
Native extension for WindowsStandalone target not found
Native extension for WebGL target not found
Refreshing native plugins compatible for Editor in 63.14 ms, found 0 plugins.
Preloading 0 native plugins for Editor in 0.00 ms.
Mono: successfully reloaded assembly
- Completed reload, in  1.226 seconds
Platform modules already initialized, skipping
========================================================================
Worker process is ready to serve import requests
Shader 'Universal Render Pipeline/Particles/Lit': fallback shader 'Universal Render Pipeline/Particles/SimpleLit' not found
Launched and connected shader compiler UnityShaderCompiler.exe after 0.14 seconds
Refreshing native plugins compatible for Editor in 0.78 ms, found 0 plugins.
Preloading 0 native plugins for Editor in 0.00 ms.
Unloading 3176 Unused Serialized files (Serialized files now loaded: 0)
System memory in use before: 164.8 MB.
System memory in use after: 165.1 MB.

Unloading 41 unused Assets to reduce memory usage. Loaded Objects now: 3649.
Total: 8.398000 ms (FindLiveObjects: 0.561000 ms CreateObjectMapping: 0.265000 ms MarkObjects: 7.517500 ms  DeleteObjects: 0.053100 ms)

========================================================================
Received Import Request.
  path: Assets/Resources/Prefabs/Lv2_Monocyte.prefab
  artifactKey: Guid(5dc8cebd85448aa47ac8dffe74b03f90) Importer(815301076,1909f56bfc062723c751e8b465ee728b)
Start importing Assets/Resources/Prefabs/Lv2_Monocyte.prefab using Guid(5dc8cebd85448aa47ac8dffe74b03f90) Importer(815301076,1909f56bfc062723c751e8b465ee728b)  -> (artifact id: '3da410886fd62f6fa9f77390d3dbaf02') in 0.482083 seconds 
========================================================================
Received Import Request.
  Time since last request: 0.001244 seconds.
  path: Assets/Resources/Prefabs/Lv3_NKcell.prefab
  artifactKey: Guid(4827d64201dfdba4a95850eee9fecab3) Importer(815301076,1909f56bfc062723c751e8b465ee728b)
Start importing Assets/Resources/Prefabs/Lv3_NKcell.prefab using Guid(4827d64201dfdba4a95850eee9fecab3) Importer(815301076,1909f56bfc062723c751e8b465ee728b)  -> (artifact id: '026cb570b6b89a94cc94d12ed5613a48') in 0.011671 seconds 
========================================================================
Received Prepare
Shader 'Universal Render Pipeline/Particles/Lit': fallback shader 'Universal Render Pipeline/Particles/SimpleLit' not found
Refreshing native plugins compatible for Editor in 66.87 ms, found 0 plugins.
Preloading 0 native plugins for Editor in 0.00 ms.
Unloading 32 Unused Serialized files (Serialized files now loaded: 0)
System memory in use before: 100.3 MB.
System memory in use after: 100.5 MB.

Unloading 32 unused Assets to reduce memory usage. Loaded Objects now: 3716.
Total: 7.153600 ms (FindLiveObjects: 0.299400 ms CreateObjectMapping: 0.151600 ms MarkObjects: 6.666000 ms  DeleteObjects: 0.034500 ms)

========================================================================
Received Prepare
Registering precompiled user dll's ...
Registered in 0.003203 seconds.
Begin MonoManager ReloadAssembly
Native extension for WindowsStandalone target not found
Native extension for WebGL target not found
Refreshing native plugins compatible for Editor in 1.63 ms, found 0 plugins.
Preloading 0 native plugins for Editor in 0.00 ms.
Mono: successfully reloaded assembly
- Completed reload, in  5.385 seconds
Platform modules already initialized, skipping
Shader 'Universal Render Pipeline/Particles/Lit': fallback shader 'Universal Render Pipeline/Particles/SimpleLit' not found
Refreshing native plugins compatible for Editor in 0.99 ms, found 0 plugins.
Preloading 0 native plugins for Editor in 0.00 ms.
Unloading 3027 Unused Serialized files (Serialized files now loaded: 0)
System memory in use before: 159.7 MB.
System memory in use after: 159.9 MB.

Unloading 33 unused Assets to reduce memory usage. Loaded Objects now: 3699.
Total: 9.261800 ms (FindLiveObjects: 0.540300 ms CreateObjectMapping: 0.356500 ms MarkObjects: 8.336900 ms  DeleteObjects: 0.026000 ms)

========================================================================
Received Prepare
Shader 'Universal Render Pipeline/Particles/Lit': fallback shader 'Universal Render Pipeline/Particles/SimpleLit' not found
Refreshing native plugins compatible for Editor in 168.41 ms, found 0 plugins.
Preloading 0 native plugins for Editor in 0.00 ms.
Unloading 32 Unused Serialized files (Serialized files now loaded: 0)
System memory in use before: 100.3 MB.
System memory in use after: 100.6 MB.

Unloading 31 unused Assets to reduce memory usage. Loaded Objects now: 3699.
Total: 11.680900 ms (FindLiveObjects: 2.523200 ms CreateObjectMapping: 0.480100 ms MarkObjects: 8.652500 ms  DeleteObjects: 0.023300 ms)

========================================================================
Received Prepare
Shader 'Universal Render Pipeline/Particles/Lit': fallback shader 'Universal Render Pipeline/Particles/SimpleLit' not found
Refreshing native plugins compatible for Editor in 101.14 ms, found 0 plugins.
Preloading 0 native plugins for Editor in 0.00 ms.
Unloading 32 Unused Serialized files (Serialized files now loaded: 0)
System memory in use before: 100.3 MB.
System memory in use after: 100.6 MB.

Unloading 31 unused Assets to reduce memory usage. Loaded Objects now: 3699.
Total: 7.233100 ms (FindLiveObjects: 0.688400 ms CreateObjectMapping: 0.353700 ms MarkObjects: 6.163300 ms  DeleteObjects: 0.025200 ms)

========================================================================
Received Import Request.
  Time since last request: 2896.794332 seconds.
  path: Assets/Resources/Sprite/133452_123937781001909_714704_o.jpg
  artifactKey: Guid(abf62f8bec9d15f4ba9d50683d65153c) Importer(815301076,1909f56bfc062723c751e8b465ee728b)
Start importing Assets/Resources/Sprite/133452_123937781001909_714704_o.jpg using Guid(abf62f8bec9d15f4ba9d50683d65153c) Importer(815301076,1909f56bfc062723c751e8b465ee728b)  -> (artifact id: '06318615311ff2eece023ffb56e89dfe') in 10.239593 seconds 
========================================================================
Received Import Request.
  Time since last request: 0.000389 seconds.
  path: Assets/Resources/Sprite/S__10461228.jpg
  artifactKey: Guid(98b52ae84da7c664daabeb490c05fa80) Importer(815301076,1909f56bfc062723c751e8b465ee728b)
Start importing Assets/Resources/Sprite/S__10461228.jpg using Guid(98b52ae84da7c664daabeb490c05fa80) Importer(815301076,1909f56bfc062723c751e8b465ee728b)  -> (artifact id: '378f9016219d26b57c8ad0d413ce7563') in 0.518013 seconds 
========================================================================
Received Prepare
Shader 'Universal Render Pipeline/Particles/Lit': fallback shader 'Universal Render Pipeline/Particles/SimpleLit' not found
Refreshing native plugins compatible for Editor in 128.75 ms, found 0 plugins.
Preloading 0 native plugins for Editor in 0.00 ms.
Unloading 32 Unused Serialized files (Serialized files now loaded: 0)
System memory in use before: 100.5 MB.
System memory in use after: 100.7 MB.

Unloading 31 unused Assets to reduce memory usage. Loaded Objects now: 3706.
Total: 15.494100 ms (FindLiveObjects: 0.245400 ms CreateObjectMapping: 0.102700 ms MarkObjects: 15.022000 ms  DeleteObjects: 0.122900 ms)

